La génération a démarré 01/05/2013 13:18:43.
     1>Projet "C:\Users\WaWa-YoDa\Documents\GitHub\MyCCraft\MyCCraft\MyCCraft.vcxproj" sur le nœud 2 (build cible(s)).
     1>InitializeBuildStatus:
         Création de "Debug\MyCCraft.unsuccessfulbuild", car "AlwaysCreate" a été spécifié.
       ClCompile:
         C:\Program Files\Microsoft Visual Studio 10.0\VC\bin\CL.exe /c /Zi /nologo /W3 /WX- /Od /Oy- /D WIN32 /D _DEBUG /D _CONSOLE /Gm /EHsc /RTC1 /MDd /GS /fp:precise /Zc:wchar_t /Zc:forScope /Fo"Debug\\" /Fd"Debug\vc100.pdb" /Gd /TP /analyze- /errorReport:prompt scene.cpp
         scene.cpp
       ManifestResourceCompile:
         Toutes les sorties sont à jour.
       Link:
         C:\Program Files\Microsoft Visual Studio 10.0\VC\bin\link.exe /ERRORREPORT:PROMPT /OUT:"C:\Users\WaWa-YoDa\Documents\GitHub\MyCCraft\MyCCraft\Debug\MyCCraft.exe" /INCREMENTAL /NOLOGO pthreadVC2.lib kernel32.lib user32.lib gdi32.lib winspool.lib comdlg32.lib advapi32.lib shell32.lib ole32.lib oleaut32.lib uuid.lib odbc32.lib odbccp32.lib kernel32.lib user32.lib gdi32.lib winspool.lib comdlg32.lib advapi32.lib shell32.lib ole32.lib oleaut32.lib uuid.lib odbc32.lib odbccp32.lib /MANIFEST /ManifestFile:"Debug\MyCCraft.exe.intermediate.manifest" /MANIFESTUAC:"level='asInvoker' uiAccess='false'" /DEBUG /PDB:"C:\Users\WaWa-YoDa\Documents\GitHub\MyCCraft\MyCCraft\Debug\MyCCraft.pdb" /SUBSYSTEM:CONSOLE /TLBID:1 /DYNAMICBASE /NXCOMPAT /IMPLIB:"C:\Users\WaWa-YoDa\Documents\GitHub\MyCCraft\MyCCraft\Debug\MyCCraft.lib" /MACHINE:X86 Debug\MyCCraft.exe.embed.manifest.res
         Debug\Base.obj
         Debug\bloc.obj
         Debug\chunk.obj
         Debug\chunkGenerator.obj
         Debug\collision.obj
         Debug\engine.obj
         Debug\field.obj
         Debug\Fun.obj
         Debug\main.obj
         Debug\Mountain.obj
         Debug\object.obj
         Debug\openGLSetup.obj
         Debug\perso.obj
         Debug\region.obj
         Debug\scene.obj
       Manifest:
         C:\Program Files\Microsoft SDKs\Windows\v7.0A\bin\mt.exe /nologo /verbose /out:"Debug\MyCCraft.exe.embed.manifest" /manifest Debug\MyCCraft.exe.intermediate.manifest
         Toutes les sorties sont à jour.
       LinkEmbedManifest:
         Toutes les sorties sont à jour.
         MyCCraft.vcxproj -> C:\Users\WaWa-YoDa\Documents\GitHub\MyCCraft\MyCCraft\Debug\MyCCraft.exe
       FinalizeBuildStatus:
         Suppression du fichier "Debug\MyCCraft.unsuccessfulbuild".
         Mise à jour de l'horodatage "Debug\MyCCraft.lastbuildstate".
     1>Génération du projet "C:\Users\WaWa-YoDa\Documents\GitHub\MyCCraft\MyCCraft\MyCCraft.vcxproj" terminée (build cible(s)).

La génération a réussi.

Temps écoulé 00:00:02.37
